C51 COMPILER V9.56.0.0   EXTI                                                              05/03/2018 00:05:37 PAGE 1   


C51 COMPILER V9.56.0.0, COMPILATION OF MODULE EXTI
OBJECT MODULE PLACED IN .\Objects\EXTI.obj
COMPILER INVOKED BY: C:\Keil_v5\C51\BIN\C51.EXE EXTI.c OPTIMIZE(8,SPEED) BROWSE INCDIR(..\..\Include) DEFINE(FOSC_160000
                    -) DEBUG OBJECTEXTEND PRINT(.\Listings\EXTI.lst) TABS(2) OBJECT(.\Objects\EXTI.obj)

line level    source

   1          #include "N76E003.h"
   2          #include "SFR_Macro.h"
   3          #include "Function_define.h"
   4          #include "Common.h"
   5          #include "Delay.h"
   6          
   7          
   8          
   9          
  10          void setup(void);
  11          
  12          
  13          void EXT_INT0(void) 
  14          interrupt 0
  15          {
  16   1        set_P00;
  17   1      }
  18          
  19          
  20          void EXT_INT1(void) 
  21          interrupt 2
  22          {
  23   1        set_P01;
  24   1      }
  25          
  26          
  27          void main(void)
  28          {
  29   1        setup();
  30   1        
  31   1        while(1)
  32   1        {
  33   2          Timer0_Delay1ms(1000);
  34   2          clr_P00;
  35   2          clr_P01;
  36   2        }
  37   1      }
  38          
  39          
  40          void setup(void)
  41          {
  42   1        P00_PushPull_Mode;
  43   1        P01_PushPull_Mode;
  44   1        P17_Input_Mode;
  45   1        P30_Input_Mode; 
  46   1        set_P1S_7;
  47   1        set_P3S_0;
  48   1        set_IT0;
  49   1        set_IT1;
  50   1        set_EX0;
  51   1        set_EX1;
  52   1        set_EA; 
  53   1      }

C51 COMPILER V9.56.0.0   EXTI                                                              05/03/2018 00:05:37 PAGE 2   


MODULE INFORMATION:   STATIC OVERLAYABLE
   CODE SIZE        =    118    ----
   CONSTANT SIZE    =   ----    ----
   XDATA SIZE       =   ----    ----
   PDATA SIZE       =   ----    ----
   DATA SIZE        =   ----    ----
   IDATA SIZE       =   ----    ----
   BIT SIZE         =   ----    ----
END OF MODULE INFORMATION.


C51 COMPILATION COMPLETE.  0 WARNING(S),  0 ERROR(S)
